---------------------------------------------------------------
[ 2019-09-22T07:25:17+08:00 ] 47.101.195.38 GET svn.yanjiegou.com/
[运行时间：0.020040s] [吞吐率：49.90req/s] [内存消耗：2,269.05kb] [文件加载：61]
[ info ] [ LANG ] /www/wwwroot/svn.yanjiegou.com/thinkphp/lang/zh-cn.php
[ info ] [ ROUTE ] array (
  'type' => 'module',
  'module' => 
  array (
    0 => '',
    1 => NULL,
    2 => NULL,
  ),
)
[ info ] [ HEADER ] array (
  'accept-encoding' => 'gzip',
  'connection' => 'Keep-Alive',
  'host' => 'svn.yanjiegou.com',
  'user-agent' => 'Mozilla/5.0 (X11; Ubuntu; Linux x86_64; rv:36.0) Gecko/20100101 Firefox/36.0',
  'content-type' => '',
  'content-length' => '',
)
[ info ] [ PARAM ] array (
)
[ info ] [ LANG ] /www/wwwroot/svn.yanjiegou.com/public/../application/admin/lang/zh-cn.php
[ info ] [ SESSION ] INIT array (
  'id' => '',
  'var_session_id' => '',
  'prefix' => 'think',
  'type' => '',
  'auto_start' => true,
)
[ info ] [ LOG ] INIT File
---------------------------------------------------------------
[ 2019-09-22T07:25:18+08:00 ] 47.101.195.38 GET svn.yanjiegou.com/admin/login/index.html
[运行时间：0.020065s] [吞吐率：49.84req/s] [内存消耗：2,285.09kb] [文件加载：62]
[ info ] [ LANG ] /www/wwwroot/svn.yanjiegou.com/thinkphp/lang/zh-cn.php
[ info ] [ ROUTE ] array (
  'type' => 'module',
  'module' => 
  array (
    0 => 'admin',
    1 => 'login',
    2 => 'index',
  ),
)
[ info ] [ HEADER ] array (
  'accept-encoding' => 'gzip',
  'connection' => 'Keep-Alive',
  'host' => 'svn.yanjiegou.com',
  'user-agent' => 'Mozilla/5.0 (X11; Ubuntu; Linux x86_64; rv:36.0) Gecko/20100101 Firefox/36.0',
  'content-type' => '',
  'content-length' => '',
)
[ info ] [ PARAM ] array (
)
[ info ] [ LANG ] /www/wwwroot/svn.yanjiegou.com/public/../application/admin/lang/zh-cn.php
[ info ] [ SESSION ] INIT array (
  'id' => '',
  'var_session_id' => '',
  'prefix' => 'think',
  'type' => '',
  'auto_start' => true,
)
[ info ] [ CACHE ] INIT File
[ info ] [ RUN ] app\admin\controller\Login->index[ /www/wwwroot/svn.yanjiegou.com/application/admin/controller/Login.php ]
[ info ] [ VIEW ] /www/wwwroot/svn.yanjiegou.com/public/../application/admin/view/login/index.html [ array (
  0 => 'system',
) ]
[ info ] [ LOG ] INIT File
---------------------------------------------------------------
[ 2019-09-22T07:25:18+08:00 ] 47.101.195.38 GET svn.yanjiegou.com/admin/index/index.html
[运行时间：0.022523s] [吞吐率：44.40req/s] [内存消耗：2,271.36kb] [文件加载：61]
[ info ] [ LANG ] /www/wwwroot/svn.yanjiegou.com/thinkphp/lang/zh-cn.php
[ info ] [ ROUTE ] array (
  'type' => 'module',
  'module' => 
  array (
    0 => 'admin',
    1 => 'index',
    2 => 'index',
  ),
)
[ info ] [ HEADER ] array (
  'accept-encoding' => 'gzip',
  'connection' => 'Keep-Alive',
  'host' => 'svn.yanjiegou.com',
  'user-agent' => 'Mozilla/5.0 (X11; Ubuntu; Linux x86_64; rv:36.0) Gecko/20100101 Firefox/36.0',
  'content-type' => '',
  'content-length' => '',
)
[ info ] [ PARAM ] array (
)
[ info ] [ LANG ] /www/wwwroot/svn.yanjiegou.com/public/../application/admin/lang/zh-cn.php
[ info ] [ SESSION ] INIT array (
  'id' => '',
  'var_session_id' => '',
  'prefix' => 'think',
  'type' => '',
  'auto_start' => true,
)
[ info ] [ LOG ] INIT File
---------------------------------------------------------------
[ 2019-09-22T07:25:19+08:00 ] 47.101.195.38 GET svn.yanjiegou.com/admin/login/verify.html
[运行时间：0.040755s] [吞吐率：24.54req/s] [内存消耗：2,282.48kb] [文件加载：61]
[ info ] [ LANG ] /www/wwwroot/svn.yanjiegou.com/thinkphp/lang/zh-cn.php
[ info ] [ ROUTE ] array (
  'type' => 'module',
  'module' => 
  array (
    0 => 'admin',
    1 => 'login',
    2 => 'verify',
  ),
)
[ info ] [ HEADER ] array (
  'accept-encoding' => 'gzip',
  'connection' => 'Keep-Alive',
  'host' => 'svn.yanjiegou.com',
  'user-agent' => 'Mozilla/5.0 (X11; Ubuntu; Linux x86_64; rv:36.0) Gecko/20100101 Firefox/36.0',
  'content-type' => '',
  'content-length' => '',
)
[ info ] [ PARAM ] array (
)
[ info ] [ LANG ] /www/wwwroot/svn.yanjiegou.com/public/../application/admin/lang/zh-cn.php
[ info ] [ SESSION ] INIT array (
  'id' => '',
  'var_session_id' => '',
  'prefix' => 'think',
  'type' => '',
  'auto_start' => true,
)
[ info ] [ CACHE ] INIT File
[ info ] [ RUN ] app\admin\controller\Login->verify[ /www/wwwroot/svn.yanjiegou.com/application/admin/controller/Login.php ]
[ info ] [ LOG ] INIT File
---------------------------------------------------------------
[ 2019-09-22T07:25:19+08:00 ] 47.101.195.38 GET svn.yanjiegou.com/admin/login/index.html
[运行时间：0.021606s] [吞吐率：46.28req/s] [内存消耗：2,285.09kb] [文件加载：62]
[ info ] [ LANG ] /www/wwwroot/svn.yanjiegou.com/thinkphp/lang/zh-cn.php
[ info ] [ ROUTE ] array (
  'type' => 'module',
  'module' => 
  array (
    0 => 'admin',
    1 => 'login',
    2 => 'index',
  ),
)
[ info ] [ HEADER ] array (
  'accept-encoding' => 'gzip',
  'connection' => 'Keep-Alive',
  'host' => 'svn.yanjiegou.com',
  'user-agent' => 'Mozilla/5.0 (X11; Ubuntu; Linux x86_64; rv:36.0) Gecko/20100101 Firefox/36.0',
  'content-type' => '',
  'content-length' => '',
)
[ info ] [ PARAM ] array (
)
[ info ] [ LANG ] /www/wwwroot/svn.yanjiegou.com/public/../application/admin/lang/zh-cn.php
[ info ] [ SESSION ] INIT array (
  'id' => '',
  'var_session_id' => '',
  'prefix' => 'think',
  'type' => '',
  'auto_start' => true,
)
[ info ] [ CACHE ] INIT File
[ info ] [ RUN ] app\admin\controller\Login->index[ /www/wwwroot/svn.yanjiegou.com/application/admin/controller/Login.php ]
[ info ] [ VIEW ] /www/wwwroot/svn.yanjiegou.com/public/../application/admin/view/login/index.html [ array (
  0 => 'system',
) ]
[ info ] [ LOG ] INIT File
---------------------------------------------------------------
[ 2019-09-22T14:09:58+08:00 ] 117.136.105.32 GET svn.yanjiegou.com/api/index/adv
[运行时间：0.076931s] [吞吐率：13.00req/s] [内存消耗：2,979.73kb] [文件加载：59]
[ info ] [ LANG ] /www/wwwroot/svn.yanjiegou.com/thinkphp/lang/zh-cn.php
[ info ] [ ROUTE ] array (
  'type' => 'module',
  'module' => 
  array (
    0 => 'api',
    1 => 'index',
    2 => 'adv',
  ),
)
[ info ] [ HEADER ] array (
  'cache-control' => 'max-age=259200',
  'cookie' => 'PHPSESSID=tvv79bc6j6vlikgofhe26otodg;',
  'clientip' => '117.136.105.32',
  'referer' => 'http://wap.yanjiegou.com/',
  'user-agent' => 'Mozilla/5.0 (Linux; U; Android 9; zh-CN; MI 8 Build/PKQ1.180729.001) AppleWebKit/537.36 (KHTML, like Gecko) Version/4.0 Chrome/57.0.2987.108 UCBrowser/12.6.2.1042 Mobile Safari/537.36',
  'accept-language' => 'zh-CN,en-US;q=0.8',
  'accept-encoding' => 'gzip, deflate',
  'accept' => 'application/json, text/plain, */*',
  'connection' => 'close',
  'host' => 'svn.yanjiegou.com',
  'x-forwarded-for' => '117.136.105.32, 211.103.82.165',
  'x-forwarded-server' => 'wap.yanjiegou.com',
  'x-forwarded-host' => 'wap.yanjiegou.com',
  'content-type' => '',
  'content-length' => '',
)
[ info ] [ PARAM ] array (
)
[ info ] [ RUN ] app\api\controller\Index->adv[ /www/wwwroot/svn.yanjiegou.com/application/api/controller/Index.php ]
[ info ] [ DB ] INIT mysql
[ info ] [ LOG ] INIT File
[ sql ] [ DB ] CONNECT:[ UseTime:0.025123s ] mysql:host=47.110.9.93;port=3306;dbname=test_yulongyang_;charset=utf8
[ sql ] [ SQL ] SHOW COLUMNS FROM `shy_ad` [ RunTime:0.018042s ]
[ sql ] [ SQL ] SELECT `name`,`ad_id`,`pic`,`url` FROM `shy_ad` WHERE  `type_id` = 1  AND `open` = 1 ORDER BY `sort` DESC,`ad_id` [ RunTime:0.007145s ]
---------------------------------------------------------------
[ 2019-09-22T14:09:58+08:00 ] 117.136.105.32 POST svn.yanjiegou.com/api/index/bigshop
[运行时间：0.056325s] [吞吐率：17.75req/s] [内存消耗：2,975.69kb] [文件加载：59]
[ info ] [ LANG ] /www/wwwroot/svn.yanjiegou.com/thinkphp/lang/zh-cn.php
[ info ] [ ROUTE ] array (
  'type' => 'module',
  'module' => 
  array (
    0 => 'api',
    1 => 'index',
    2 => 'bigshop',
  ),
)
[ info ] [ HEADER ] array (
  'cache-control' => 'max-age=259200',
  'cookie' => 'PHPSESSID=tvv79bc6j6vlikgofhe26otodg;',
  'clientip' => '117.136.105.32',
  'referer' => 'http://wap.yanjiegou.com/',
  'user-agent' => 'Mozilla/5.0 (Linux; U; Android 9; zh-CN; MI 8 Build/PKQ1.180729.001) AppleWebKit/537.36 (KHTML, like Gecko) Version/4.0 Chrome/57.0.2987.108 UCBrowser/12.6.2.1042 Mobile Safari/537.36',
  'accept-language' => 'zh-CN,en-US;q=0.8',
  'accept-encoding' => 'gzip, deflate',
  'origin' => 'http://wap.yanjiegou.com',
  'accept' => 'application/json, text/plain, */*',
  'content-length' => '0',
  'connection' => 'close',
  'host' => 'svn.yanjiegou.com',
  'x-forwarded-for' => '117.136.105.32, 211.103.82.165',
  'x-forwarded-server' => 'wap.yanjiegou.com',
  'x-forwarded-host' => 'wap.yanjiegou.com',
  'content-type' => '',
)
[ info ] [ PARAM ] array (
)
[ info ] [ RUN ] app\api\controller\Index->bigshop[ /www/wwwroot/svn.yanjiegou.com/application/api/controller/Index.php ]
[ info ] [ DB ] INIT mysql
[ info ] [ LOG ] INIT File
[ sql ] [ DB ] CONNECT:[ UseTime:0.002780s ] mysql:host=47.110.9.93;port=3306;dbname=test_yulongyang_;charset=utf8
[ sql ] [ SQL ] SHOW COLUMNS FROM `shy_bigshop` [ RunTime:0.001773s ]
[ sql ] [ SQL ] SELECT `id`,`name`,`headimg`,`intro` FROM `shy_bigshop` WHERE  `is_home` = 1 ORDER BY `sort` ASC,`id` DESC LIMIT 3 [ RunTime:0.001687s ]
---------------------------------------------------------------
[ 2019-09-22T14:09:58+08:00 ] 117.136.105.32 POST svn.yanjiegou.com/api/index/goods
[运行时间：0.041105s] [吞吐率：24.33req/s] [内存消耗：2,997.92kb] [文件加载：59]
[ info ] [ LANG ] /www/wwwroot/svn.yanjiegou.com/thinkphp/lang/zh-cn.php
[ info ] [ ROUTE ] array (
  'type' => 'module',
  'module' => 
  array (
    0 => 'api',
    1 => 'index',
    2 => 'goods',
  ),
)
[ info ] [ HEADER ] array (
  'cache-control' => 'max-age=259200',
  'cookie' => 'PHPSESSID=tvv79bc6j6vlikgofhe26otodg;',
  'clientip' => '117.136.105.32',
  'referer' => 'http://wap.yanjiegou.com/',
  'user-agent' => 'Mozilla/5.0 (Linux; U; Android 9; zh-CN; MI 8 Build/PKQ1.180729.001) AppleWebKit/537.36 (KHTML, like Gecko) Version/4.0 Chrome/57.0.2987.108 UCBrowser/12.6.2.1042 Mobile Safari/537.36',
  'accept-language' => 'zh-CN,en-US;q=0.8',
  'accept-encoding' => 'gzip, deflate',
  'content-type' => 'application/json;charset=UTF-8',
  'origin' => 'http://wap.yanjiegou.com',
  'accept' => 'application/json, text/plain, */*',
  'content-length' => '16',
  'connection' => 'close',
  'host' => 'svn.yanjiegou.com',
  'x-forwarded-for' => '117.136.105.32, 211.103.82.165',
  'x-forwarded-server' => 'wap.yanjiegou.com',
  'x-forwarded-host' => 'wap.yanjiegou.com',
)
[ info ] [ PARAM ] array (
  'p' => 1,
  'rows' => 4,
)
[ info ] [ RUN ] app\api\controller\Index->goods[ /www/wwwroot/svn.yanjiegou.com/application/api/controller/Index.php ]
[ info ] [ DB ] INIT mysql
[ info ] [ LOG ] INIT File
[ sql ] [ DB ] CONNECT:[ UseTime:0.011113s ] mysql:host=47.110.9.93;port=3306;dbname=test_yulongyang_;charset=utf8
[ sql ] [ SQL ] SHOW COLUMNS FROM `shy_goods` [ RunTime:0.002073s ]
[ sql ] [ SQL ] SELECT `g`.`id`,`g`.`headimg`,`g`.`title`,`g`.`price`,s.id as sid,`s`.`name`,`s`.`shoplogo` FROM `shy_goods` `g` LEFT JOIN `shy_shop` `s` ON `s`.`id`=`g`.`shopid` WHERE  `g`.`status` = 1  AND `g`.`check_status` = 1 ORDER BY `g`.`sorts` ASC,`g`.`id` DESC LIMIT 0,4 [ RunTime:0.002397s ]
---------------------------------------------------------------
[ 2019-09-22T14:10:17+08:00 ] 117.136.105.32 POST svn.yanjiegou.com/api/index/goods
[运行时间：0.028202s] [吞吐率：35.46req/s] [内存消耗：2,975.90kb] [文件加载：59]
[ info ] [ LANG ] /www/wwwroot/svn.yanjiegou.com/thinkphp/lang/zh-cn.php
[ info ] [ ROUTE ] array (
  'type' => 'module',
  'module' => 
  array (
    0 => 'api',
    1 => 'index',
    2 => 'goods',
  ),
)
[ info ] [ HEADER ] array (
  'cache-control' => 'max-age=259200',
  'cookie' => 'PHPSESSID=tvv79bc6j6vlikgofhe26otodg;',
  'clientip' => '117.136.105.32',
  'referer' => 'http://wap.yanjiegou.com/',
  'user-agent' => 'Mozilla/5.0 (Linux; U; Android 9; zh-CN; MI 8 Build/PKQ1.180729.001) AppleWebKit/537.36 (KHTML, like Gecko) Version/4.0 Chrome/57.0.2987.108 UCBrowser/12.6.2.1042 Mobile Safari/537.36',
  'accept-language' => 'zh-CN,en-US;q=0.8',
  'accept-encoding' => 'gzip, deflate',
  'content-type' => 'application/json;charset=UTF-8',
  'origin' => 'http://wap.yanjiegou.com',
  'accept' => 'application/json, text/plain, */*',
  'content-length' => '16',
  'connection' => 'close',
  'host' => 'svn.yanjiegou.com',
  'x-forwarded-for' => '117.136.105.32, 211.103.82.165',
  'x-forwarded-server' => 'wap.yanjiegou.com',
  'x-forwarded-host' => 'wap.yanjiegou.com',
)
[ info ] [ PARAM ] array (
  'p' => 2,
  'rows' => 4,
)
[ info ] [ RUN ] app\api\controller\Index->goods[ /www/wwwroot/svn.yanjiegou.com/application/api/controller/Index.php ]
[ info ] [ DB ] INIT mysql
[ info ] [ LOG ] INIT File
[ sql ] [ DB ] CONNECT:[ UseTime:0.001144s ] mysql:host=47.110.9.93;port=3306;dbname=test_yulongyang_;charset=utf8
[ sql ] [ SQL ] SHOW COLUMNS FROM `shy_goods` [ RunTime:0.001814s ]
[ sql ] [ SQL ] SELECT `g`.`id`,`g`.`headimg`,`g`.`title`,`g`.`price`,s.id as sid,`s`.`name`,`s`.`shoplogo` FROM `shy_goods` `g` LEFT JOIN `shy_shop` `s` ON `s`.`id`=`g`.`shopid` WHERE  `g`.`status` = 1  AND `g`.`check_status` = 1 ORDER BY `g`.`sorts` ASC,`g`.`id` DESC LIMIT 4,4 [ RunTime:0.000855s ]
---------------------------------------------------------------
[ 2019-09-22T14:10:49+08:00 ] 117.136.105.32 POST svn.yanjiegou.com/api/goods/show
[运行时间：0.030367s] [吞吐率：32.93req/s] [内存消耗：3,078.57kb] [文件加载：59]
[ info ] [ LANG ] /www/wwwroot/svn.yanjiegou.com/thinkphp/lang/zh-cn.php
[ info ] [ ROUTE ] array (
  'type' => 'module',
  'module' => 
  array (
    0 => 'api',
    1 => 'goods',
    2 => 'show',
  ),
)
[ info ] [ HEADER ] array (
  'cache-control' => 'max-age=259200',
  'cookie' => 'PHPSESSID=tvv79bc6j6vlikgofhe26otodg;',
  'clientip' => '117.136.105.32',
  'referer' => 'http://wap.yanjiegou.com/wpxq?goods_id=1&token=2',
  'user-agent' => 'Mozilla/5.0 (Linux; U; Android 9; zh-CN; MI 8 Build/PKQ1.180729.001) AppleWebKit/537.36 (KHTML, like Gecko) Version/4.0 Chrome/57.0.2987.108 UCBrowser/12.6.2.1042 Mobile Safari/537.36',
  'accept-language' => 'zh-CN,en-US;q=0.8',
  'accept-encoding' => 'gzip, deflate',
  'content-type' => 'application/json;charset=UTF-8',
  'origin' => 'http://wap.yanjiegou.com',
  'accept' => 'application/json, text/plain, */*',
  'content-length' => '14',
  'connection' => 'close',
  'host' => 'svn.yanjiegou.com',
  'x-forwarded-for' => '117.136.105.32, 211.103.82.165',
  'x-forwarded-server' => 'wap.yanjiegou.com',
  'x-forwarded-host' => 'wap.yanjiegou.com',
)
[ info ] [ PARAM ] array (
  'goods_id' => 1,
)
[ info ] [ RUN ] app\api\controller\Goods->show[ /www/wwwroot/svn.yanjiegou.com/application/api/controller/Goods.php ]
[ info ] [ DB ] INIT mysql
[ info ] [ LOG ] INIT File
[ sql ] [ DB ] CONNECT:[ UseTime:0.001073s ] mysql:host=47.110.9.93;port=3306;dbname=test_yulongyang_;charset=utf8
[ sql ] [ SQL ] SHOW COLUMNS FROM `shy_goods` [ RunTime:0.001343s ]
[ sql ] [ SQL ] SELECT `g`.`id`,`g`.`headimg`,`g`.`title`,`g`.`price`,`g`.`original_price`,`g`.`cost_price`,`g`.`content`,s.id as sid,`s`.`name`,`s`.`shoplogo`,`s`.`star`,`s`.`description`,`s`.`quality`,`s`.`service` FROM `shy_goods` `g` LEFT JOIN `shy_shop` `s` ON `s`.`id`=`g`.`shopid` WHERE  `g`.`id` = '1' ORDER BY `g`.`sorts` ASC,`g`.`id` DESC LIMIT 1 [ RunTime:0.000941s ]
[ sql ] [ SQL ] SHOW COLUMNS FROM `shy_comment` [ RunTime:0.001119s ]
[ sql ] [ SQL ] SELECT c.id as cid,`c`.`content`,`c`.`imgsrc`,`c`.`video`,`c`.`add_time`,`u`.`avatar`,`u`.`username`,`u`.`mobile` FROM `shy_comment` `c` INNER JOIN `shy_users` `u` ON `u`.`id`=`c`.`user_id` WHERE  `c`.`goods_id` = '1' LIMIT 0,10 [ RunTime:0.000841s ]
[ sql ] [ SQL ] SELECT `g`.`id`,`g`.`headimg`,`g`.`title`,`g`.`price`,s.id as sid,`s`.`name`,`s`.`shoplogo` FROM `shy_goods` `g` LEFT JOIN `shy_shop` `s` ON `s`.`id`=`g`.`shopid` WHERE  `g`.`status` = 1  AND `g`.`check_status` = 1 ORDER BY `g`.`readpoint` DESC,`g`.`id` DESC LIMIT 0,10 [ RunTime:0.001059s ]
